<?xml version="1.0" encoding="UTF-8"?>
<!-- Generated by org.testng.reporters.JUnitXMLReporter -->
<testsuite ignored="4" hostname="Kamalappu" failures="0" tests="2" name="SmokeTest" time="0.042" errors="0" timestamp="16 Apr 2025 09:29:43 GMT">
  <testcase classname="testng.AnnotationsExample" name="test1" time="0.009"/>
  <testcase classname="testng.AnnotationsExample2" name="test3" time="0.002"/>
  <testcase classname="testng.BaseClass" name="@BeforeTest method3" time="0.0">
    <ignored/>
  </testcase> <!-- @BeforeTest method3 -->
  <testcase classname="testng.AnnotationsExample2" name="test4" time="0.0">
    <ignored/>
  </testcase> <!-- test4 -->
  <testcase classname="testng.BaseClass" name="@AfterTest method4" time="0.0">
    <ignored/>
  </testcase> <!-- @AfterTest method4 -->
  <testcase classname="testng.AnnotationsExample" name="test2" time="0.0">
    <ignored/>
  </testcase> <!-- test2 -->
</testsuite> <!-- SmokeTest -->
